gfx_pal.h
gfx_pal.c
night_pal.h
night_pal.c
bird_0.h
bird_0.c
horizon_1.h
horizon_1.c
moon_5.h
moon_5.c
bird_1.h
bird_1.c
horizon_2.h
horizon_2.c
moon_6.h
moon_6.c
cloud_sprite.h
cloud_sprite.c
horizon_3.h
horizon_3.c
restart.h
restart.c
horizon_4.h
horizon_4.c
dino_duck_left.h
dino_duck_left.c
dino_duck_right.h
dino_duck_right.c
dino_left.h
dino_left.c
dino_midair.h
dino_midair.c
dino_right.h
dino_right.c
moon_0.h
moon_0.c
star_0.h
star_0.c
dino_stationary.h
dino_stationary.c
moon_1.h
moon_1.c
star_1.h
star_1.c
dino_dead.h
dino_dead.c
moon_2.h
moon_2.c
star_2.h
star_2.c
moon_3.h
moon_3.c
horizon_0.h
horizon_0.c
moon_4.h
moon_4.c
cactus_small_1.h
cactus_small_1.c
cactus_small_2.h
cactus_small_2.c
cactus_small_3.h
cactus_small_3.c
cactus_large_1.h
cactus_large_1.c
cactus_large_2.h
cactus_large_2.c
cactus_large_3.h
cactus_large_3.c
gfx.h
